<?xml version="1.0" encoding="UTF-8"?>
<testsuite xmlns:xsi="http://www.w3.org/2001/XMLSchema-instance" xsi:noNamespaceSchemaLocation="https://maven.apache.org/surefire/maven-surefire-plugin/xsd/surefire-test-report.xsd" version="3.0.2" name="com.vijay.service.CourseServiceTest" time="0.561" tests="4" errors="0" skipped="0" failures="0">
  <properties>
[...]
</properties>
  <testcase name="fetchCourseByCourseId_test" classname="com.vijay.service.CourseServiceTest" time="0.514">
    <system-out><![CDATA[16:37:21.833 [main] INFO com.vijay.serviceImpl.CourseServiceImpl -- Inside fetchCourseByCourseId Api with request courseId 1
]]></system-out>
  </testcase>
  <testcase name="fetchCourseByCourseId_Negative_FetchThrowsException" classname="com.vijay.service.CourseServiceTest" time="0.021">
    <system-out><![CDATA[16:37:21.948 [main] INFO com.vijay.serviceImpl.CourseServiceImpl -- Inside fetchCourseByCourseId Api with request courseId 5
]]></system-out>
  </testcase>
  <testcase name="testSaveCourse_Positive" classname="com.vijay.service.CourseServiceTest" time="0.011">
    <system-out><![CDATA[16:37:21.973 [main] INFO com.vijay.serviceImpl.CourseServiceImpl -- Inside createCourse Api with request payload CourseRequest(courseName=Java Basics, description=Introduction to Java)
]]></system-out>
  </testcase>
  <testcase name="testSaveCourse_Negative_SaveThrowsException" classname="com.vijay.service.CourseServiceTest" time="0.006">
    <system-out><![CDATA[16:37:21.982 [main] INFO com.vijay.serviceImpl.CourseServiceImpl -- Inside createCourse Api with request payload CourseRequest(courseName=Java Basics, description=Introduction to Java)
]]></system-out>
  </testcase>
</testsuite>